xrun(64): 20.09-s001: (c) Copyright 1995-2020 Cadence Design Systems, Inc.
TOOL:	xrun(64)	20.09-s001: Started on Nov 17, 2025 at 10:59:41 IST
xrun
	-access +rwc
	-f fifo_f.f
		fifo_design.sv
		fifo_interface.sv
		fifo_pkg.sv
		testbench.sv
file: fifo_design.sv
	module worklib.fifo:sv
		errors: 0, warnings: 0
file: fifo_interface.sv
	interface worklib.fifo_interface:sv
		errors: 0, warnings: 0
file: fifo_pkg.sv
package fifo_pkg;
               |
xmvlog: *W,TSNSPK (fifo_pkg.sv,1|15): `timescale is not specified for the package.  The default timescale of 1ns/1ns will be assumed for this package.
	package worklib.fifo_pkg:sv
		errors: 0, warnings: 1
file: testbench.sv
package fifo_pkg;
               |
xmvlog: *W,RECOME (fifo_pkg.sv,1|15): recompiling design unit worklib.fifo_pkg:sv.
	First compiled from line 1 of fifo_pkg.sv.
(`include file: fifo_pkg.sv line 1, file: testbench.sv line 3)
package fifo_pkg;
               |
xmvlog: *W,TSNSPK (fifo_pkg.sv,1|15): `timescale is not specified for the package.  The default timescale of 1ns/1ns will be assumed for this package.
(`include file: fifo_pkg.sv line 12, file: testbench.sv line 3)
	package worklib.fifo_pkg:sv
		errors: 0, warnings: 2
	module worklib.tb_top:sv
		errors: 0, warnings: 0
		Caching library 'worklib' ....... Done
	Elaborating the design hierarchy:
	Top level design units:
		fifo_pkg
		tb_top
xmelab: *W,DSEMEL: This SystemVerilog design will be simulated as per IEEE 1800-2009 SystemVerilog simulation semantics. Use -disable_sem2009 option for turning off SV 2009 simulation semantics.
	Building instance overlay tables: ..........
  constraint data{data_in inside {[1:1000]};}
                                        |
xmelab: *W,VALFIT (./fifo_transaction.sv,7|40): Value will not fit in the random variable.
.......... Done
	Generating native compiled code:
		worklib.fifo:sv <0x21b18178>
			streams:   7, words:  2799
		worklib.tb_top:sv <0x1084d8c3>
			streams:  13, words:  5422
		worklib.fifo_pkg:sv <0x2792a210>
			streams:   8, words:  4091
		worklib.fifo_pkg:sv <0x48478006>
			streams:  11, words:  9110
		worklib.fifo_pkg:sv <0x504f55b2>
			streams:  13, words: 10928
		worklib.fifo_pkg:sv <0x615a8142>
			streams:   8, words:  8367
		worklib.fifo_pkg:sv <0x26134090>
			streams:  11, words: 13791
		worklib.fifo_pkg:sv <0x14b55357>
			streams:   8, words: 11740
		worklib.fifo_pkg:sv <0x516a82b7>
			streams:  11, words:  6925
		worklib.fifo_pkg:sv <0x54178d50>
			streams:   9, words: 15176
		worklib.fifo_pkg:sv <0x0a0536ba>
			streams:   7, words:  2450
		worklib.fifo_pkg:sv <0x4d7581ae>
			streams:   0, words:     0
	Building instance specific data structures.
	Loading native compiled code:     .................... Done
	Design hierarchy summary:
		                    Instances  Unique
		Modules:                    2       2
		Interfaces:                 1       1
		Verilog packages:           1       1
		Registers:                 80     118
		Scalar wires:              10       -
		Vectored wires:             3       -
		Always blocks:              3       3
		Initial blocks:             3       3
		Parallel blocks:            2       2
		Cont. assignments:          1       2
		Pseudo assignments:         8       8
		Covergroup Instances:       0       1
		SV Class declarations:      9       9
		SV Class specializations:   9       9
	Writing initial simulation snapshot: worklib.tb_top:sv
Loading snapshot worklib.tb_top:sv .................... Done
SVSEED default: 1
xmsim: *W,RNDXCELON: A newer version of the SystemVerilog constraint solver is being used which has better support for array-solving, new solve-order mechanism, and seed stability enhancements..
xmsim: *W,DSEM2009: This SystemVerilog design is simulated as per IEEE 1800-2009 SystemVerilog simulation semantics. Use -disable_sem2009 option for turning off SV 2009 simulation semantics.
xcelium> source /home/cadence/install/XCELIUM2009/tools/xcelium/files/xmsimrc
xcelium> run
[TEST]
[ENVIRONMENT]
[INFO] Initializing Coverage...
[AGENT]
[GENERATOR]
[DRIVER]
[MONITOR]
[SCOREBOARD]
Starting gen        100
Starting randomization
Randomization done
[GENERATOR] DATA_IN = 66 W_EN = 1 R_EN = 1 RST = 0 
Starting randomization
Randomization done
[GENERATOR] DATA_IN = 9a W_EN = 1 R_EN = 1 RST = 0 
Starting randomization
Randomization done
[GENERATOR] DATA_IN = 6f W_EN = 1 R_EN = 1 RST = 0 
Starting randomization
Randomization done
[GENERATOR] DATA_IN = aa W_EN = 1 R_EN = 1 RST = 1 
Starting randomization
Randomization done
[GENERATOR] DATA_IN = ec W_EN = 1 R_EN = 1 RST = 1 
Starting randomization
Randomization done
[GENERATOR] DATA_IN = b4 W_EN = 1 R_EN = 1 RST = 0 
Starting randomization
Randomization done
[GENERATOR] DATA_IN = 44 W_EN = 1 R_EN = 1 RST = 0 
Starting randomization
Randomization done
[GENERATOR] DATA_IN = 61 W_EN = 1 R_EN = 1 RST = 1 
Starting randomization
Randomization done
[GENERATOR] DATA_IN = d1 W_EN = 1 R_EN = 1 RST = 0 
Starting randomization
Randomization done
[GENERATOR] DATA_IN = b9 W_EN = 1 R_EN = 1 RST = 0 
Starting randomization
Randomization done
[GENERATOR] DATA_IN = 78 W_EN = 1 R_EN = 1 RST = 1 
Starting randomization
Randomization done
[GENERATOR] DATA_IN = e1 W_EN = 1 R_EN = 1 RST = 1 
Starting randomization
Randomization done
[GENERATOR] DATA_IN = 7f W_EN = 1 R_EN = 1 RST = 0 
Starting randomization
Randomization done
[GENERATOR] DATA_IN = ae W_EN = 1 R_EN = 1 RST = 0 
Starting randomization
Randomization done
[GENERATOR] DATA_IN = 72 W_EN = 1 R_EN = 1 RST = 1 
Starting randomization
Randomization done
[GENERATOR] DATA_IN = 76 W_EN = 1 R_EN = 1 RST = 1 
Starting randomization
Randomization done
[GENERATOR] DATA_IN = a8 W_EN = 1 R_EN = 1 RST = 1 
Starting randomization
Randomization done
[GENERATOR] DATA_IN = f8 W_EN = 1 R_EN = 1 RST = 0 
Starting randomization
Randomization done
[GENERATOR] DATA_IN = a4 W_EN = 1 R_EN = 1 RST = 1 
Starting randomization
Randomization done
[GENERATOR] DATA_IN = 70 W_EN = 1 R_EN = 1 RST = 1 
Starting randomization
Randomization done
[GENERATOR] DATA_IN = 5 W_EN = 1 R_EN = 1 RST = 0 
Starting randomization
Randomization done
[GENERATOR] DATA_IN = b0 W_EN = 1 R_EN = 1 RST = 1 
Starting randomization
Randomization done
[GENERATOR] DATA_IN = 41 W_EN = 1 R_EN = 1 RST = 1 
Starting randomization
Randomization done
[GENERATOR] DATA_IN = 33 W_EN = 1 R_EN = 1 RST = 1 
Starting randomization
Randomization done
[GENERATOR] DATA_IN = 8e W_EN = 1 R_EN = 1 RST = 0 
Starting randomization
Randomization done
[GENERATOR] DATA_IN = 1a W_EN = 1 R_EN = 1 RST = 1 
Starting randomization
Randomization done
[GENERATOR] DATA_IN = ae W_EN = 1 R_EN = 1 RST = 0 
Starting randomization
Randomization done
[GENERATOR] DATA_IN = 52 W_EN = 1 R_EN = 1 RST = 1 
Starting randomization
Randomization done
[GENERATOR] DATA_IN = e4 W_EN = 1 R_EN = 1 RST = 1 
Starting randomization
Randomization done
[GENERATOR] DATA_IN = 77 W_EN = 1 R_EN = 1 RST = 0 
Starting randomization
Randomization done
[GENERATOR] DATA_IN = 35 W_EN = 1 R_EN = 1 RST = 0 
Starting randomization
Randomization done
[GENERATOR] DATA_IN = 43 W_EN = 1 R_EN = 1 RST = 0 
Starting randomization
Randomization done
[GENERATOR] DATA_IN = 81 W_EN = 1 R_EN = 1 RST = 1 
Starting randomization
Randomization done
[GENERATOR] DATA_IN = 76 W_EN = 1 R_EN = 1 RST = 0 
Starting randomization
Randomization done
[GENERATOR] DATA_IN = 43 W_EN = 1 R_EN = 1 RST = 0 
Starting randomization
Randomization done
[GENERATOR] DATA_IN = c1 W_EN = 1 R_EN = 1 RST = 1 
Starting randomization
Randomization done
[GENERATOR] DATA_IN = a3 W_EN = 1 R_EN = 1 RST = 1 
Starting randomization
Randomization done
[GENERATOR] DATA_IN = cd W_EN = 1 R_EN = 1 RST = 0 
Starting randomization
Randomization done
[GENERATOR] DATA_IN = e3 W_EN = 1 R_EN = 1 RST = 0 
Starting randomization
Randomization done
[GENERATOR] DATA_IN = 4b W_EN = 1 R_EN = 1 RST = 1 
Starting randomization
Randomization done
[GENERATOR] DATA_IN = 64 W_EN = 1 R_EN = 1 RST = 1 
Starting randomization
Randomization done
[GENERATOR] DATA_IN = 4b W_EN = 1 R_EN = 1 RST = 1 
Starting randomization
Randomization done
[GENERATOR] DATA_IN = 2d W_EN = 1 R_EN = 1 RST = 0 
Starting randomization
Randomization done
[GENERATOR] DATA_IN = 40 W_EN = 1 R_EN = 1 RST = 0 
Starting randomization
Randomization done
[GENERATOR] DATA_IN = be W_EN = 1 R_EN = 1 RST = 0 
Starting randomization
Randomization done
[GENERATOR] DATA_IN = 9a W_EN = 1 R_EN = 1 RST = 0 
Starting randomization
Randomization done
[GENERATOR] DATA_IN = f9 W_EN = 1 R_EN = 1 RST = 1 
Starting randomization
Randomization done
[GENERATOR] DATA_IN = 3b W_EN = 1 R_EN = 1 RST = 0 
Starting randomization
Randomization done
[GENERATOR] DATA_IN = 7c W_EN = 1 R_EN = 1 RST = 1 
Starting randomization
Randomization done
[GENERATOR] DATA_IN = 38 W_EN = 1 R_EN = 1 RST = 1 
Starting randomization
Randomization done
[GENERATOR] DATA_IN = e5 W_EN = 1 R_EN = 1 RST = 1 
Starting randomization
Randomization done
[GENERATOR] DATA_IN = b4 W_EN = 1 R_EN = 1 RST = 0 
Starting randomization
Randomization done
[GENERATOR] DATA_IN = 1a W_EN = 1 R_EN = 1 RST = 0 
Starting randomization
Randomization done
[GENERATOR] DATA_IN = b W_EN = 1 R_EN = 1 RST = 0 
Starting randomization
Randomization done
[GENERATOR] DATA_IN = cc W_EN = 1 R_EN = 1 RST = 1 
Starting randomization
Randomization done
[GENERATOR] DATA_IN = d0 W_EN = 1 R_EN = 1 RST = 1 
Starting randomization
Randomization done
[GENERATOR] DATA_IN = 56 W_EN = 1 R_EN = 1 RST = 1 
Starting randomization
Randomization done
[GENERATOR] DATA_IN = 7e W_EN = 1 R_EN = 1 RST = 1 
Starting randomization
Randomization done
[GENERATOR] DATA_IN = bc W_EN = 1 R_EN = 1 RST = 0 
Starting randomization
Randomization done
[GENERATOR] DATA_IN = e1 W_EN = 1 R_EN = 1 RST = 1 
Starting randomization
Randomization done
[GENERATOR] DATA_IN = 4c W_EN = 1 R_EN = 1 RST = 0 
Starting randomization
Randomization done
[GENERATOR] DATA_IN = 90 W_EN = 1 R_EN = 1 RST = 0 
Starting randomization
Randomization done
[GENERATOR] DATA_IN = f0 W_EN = 1 R_EN = 1 RST = 1 
Starting randomization
Randomization done
[GENERATOR] DATA_IN = d1 W_EN = 1 R_EN = 1 RST = 1 
Starting randomization
Randomization done
[GENERATOR] DATA_IN = f1 W_EN = 1 R_EN = 1 RST = 1 
Starting randomization
Randomization done
[GENERATOR] DATA_IN = e7 W_EN = 1 R_EN = 1 RST = 1 
Starting randomization
Randomization done
[GENERATOR] DATA_IN = e0 W_EN = 1 R_EN = 1 RST = 1 
Starting randomization
Randomization done
[GENERATOR] DATA_IN = dc W_EN = 1 R_EN = 1 RST = 0 
Starting randomization
Randomization done
[GENERATOR] DATA_IN = 98 W_EN = 1 R_EN = 1 RST = 0 
Starting randomization
Randomization done
[GENERATOR] DATA_IN = 98 W_EN = 1 R_EN = 1 RST = 1 
Starting randomization
Randomization done
[GENERATOR] DATA_IN = f4 W_EN = 1 R_EN = 1 RST = 0 
Starting randomization
Randomization done
[GENERATOR] DATA_IN = fd W_EN = 1 R_EN = 1 RST = 0 
Starting randomization
Randomization done
[GENERATOR] DATA_IN = 79 W_EN = 1 R_EN = 1 RST = 1 
Starting randomization
Randomization done
[GENERATOR] DATA_IN = d2 W_EN = 1 R_EN = 1 RST = 0 
Starting randomization
Randomization done
[GENERATOR] DATA_IN = f9 W_EN = 1 R_EN = 1 RST = 0 
Starting randomization
Randomization done
[GENERATOR] DATA_IN = a7 W_EN = 1 R_EN = 1 RST = 0 
Starting randomization
Randomization done
[GENERATOR] DATA_IN = e6 W_EN = 1 R_EN = 1 RST = 1 
Starting randomization
Randomization done
[GENERATOR] DATA_IN = 56 W_EN = 1 R_EN = 1 RST = 1 
Starting randomization
Randomization done
[GENERATOR] DATA_IN = 53 W_EN = 1 R_EN = 1 RST = 1 
Starting randomization
Randomization done
[GENERATOR] DATA_IN = ae W_EN = 1 R_EN = 1 RST = 1 
Starting randomization
Randomization done
[GENERATOR] DATA_IN = bb W_EN = 1 R_EN = 1 RST = 0 
Starting randomization
Randomization done
[GENERATOR] DATA_IN = 67 W_EN = 1 R_EN = 1 RST = 1 
Starting randomization
Randomization done
[GENERATOR] DATA_IN = e5 W_EN = 1 R_EN = 1 RST = 1 
Starting randomization
Randomization done
[GENERATOR] DATA_IN = 75 W_EN = 1 R_EN = 1 RST = 0 
Starting randomization
Randomization done
[GENERATOR] DATA_IN = b9 W_EN = 1 R_EN = 1 RST = 0 
Starting randomization
Randomization done
[GENERATOR] DATA_IN = 22 W_EN = 1 R_EN = 1 RST = 1 
Starting randomization
Randomization done
[GENERATOR] DATA_IN = cc W_EN = 1 R_EN = 1 RST = 1 
Starting randomization
Randomization done
[GENERATOR] DATA_IN = db W_EN = 1 R_EN = 1 RST = 1 
Starting randomization
Randomization done
[GENERATOR] DATA_IN = bc W_EN = 1 R_EN = 1 RST = 1 
Starting randomization
Randomization done
[GENERATOR] DATA_IN = 6b W_EN = 1 R_EN = 1 RST = 1 
Starting randomization
Randomization done
[GENERATOR] DATA_IN = 5 W_EN = 1 R_EN = 1 RST = 1 
Starting randomization
Randomization done
[GENERATOR] DATA_IN = 7b W_EN = 1 R_EN = 1 RST = 0 
Starting randomization
Randomization done
[GENERATOR] DATA_IN = 69 W_EN = 1 R_EN = 1 RST = 1 
Starting randomization
Randomization done
[GENERATOR] DATA_IN = 16 W_EN = 1 R_EN = 1 RST = 1 
Starting randomization
Randomization done
[GENERATOR] DATA_IN = f9 W_EN = 1 R_EN = 1 RST = 1 
Starting randomization
Randomization done
[GENERATOR] DATA_IN = 81 W_EN = 1 R_EN = 1 RST = 0 
Starting randomization
Randomization done
[GENERATOR] DATA_IN = d6 W_EN = 1 R_EN = 1 RST = 1 
Starting randomization
Randomization done
[GENERATOR] DATA_IN = f4 W_EN = 1 R_EN = 1 RST = 1 
Starting randomization
Randomization done
[GENERATOR] DATA_IN = aa W_EN = 1 R_EN = 1 RST = 1 
Starting randomization
Randomization done
[GENERATOR] DATA_IN = 24 W_EN = 1 R_EN = 1 RST = 0 
RUN in agent
In sb before get
[SCOREBOARD] DATA_IN = 66 W_EN = 1 R_EN = 1 RST = 0 
In sb before mn2sb
                  15[DRIVER] DATA_IN = 66 W_EN = 1 R_EN = 1 RST = 0 
                  35[DRIVER] DATA_IN = 9a W_EN = 1 R_EN = 1 RST = 0 
[COVERAGE] Sampled: DATA_IN=x, W_EN=x, R_EN=1
                  45[MONITOR] DATA_OUT = 66 FULL = 0 EMPTY = 0 
'{'h66}
[SCOREBOARD] DATA_OUT = 66 FULL = 0 EMPTY = 0 
In sb after get
**********************[PASSED]****************************
In sb before get
[SCOREBOARD] DATA_IN = 9a W_EN = 1 R_EN = 1 RST = 0 
In sb before mn2sb
                  55[DRIVER] DATA_IN = 6f W_EN = 1 R_EN = 1 RST = 0 
[COVERAGE] Sampled: DATA_IN=x, W_EN=x, R_EN=1
                  65[MONITOR] DATA_OUT = 9a FULL = 0 EMPTY = 0 
'{'h9a}
[SCOREBOARD] DATA_OUT = 9a FULL = 0 EMPTY = 0 
In sb after get
**********************[PASSED]****************************
In sb before get
[SCOREBOARD] DATA_IN = 6f W_EN = 1 R_EN = 1 RST = 0 
In sb before mn2sb
                  75[DRIVER] DATA_IN = aa W_EN = 1 R_EN = 1 RST = 1 
[COVERAGE] Sampled: DATA_IN=x, W_EN=x, R_EN=1
                  85[MONITOR] DATA_OUT = 6f FULL = 0 EMPTY = 0 
'{'h6f}
[SCOREBOARD] DATA_OUT = 6f FULL = 0 EMPTY = 0 
In sb after get
**********************[PASSED]****************************
In sb before get
[SCOREBOARD] DATA_IN = aa W_EN = 1 R_EN = 1 RST = 1 
In sb before mn2sb
                  95[DRIVER] DATA_IN = ec W_EN = 1 R_EN = 1 RST = 1 
[COVERAGE] Sampled: DATA_IN=x, W_EN=x, R_EN=1
                 105[MONITOR] DATA_OUT = aa FULL = 0 EMPTY = 0 
'{'haa}
[SCOREBOARD] DATA_OUT = aa FULL = 0 EMPTY = 0 
In sb after get
**********************[PASSED]****************************
In sb before get
[SCOREBOARD] DATA_IN = ec W_EN = 1 R_EN = 1 RST = 1 
In sb before mn2sb
                 115[DRIVER] DATA_IN = b4 W_EN = 1 R_EN = 1 RST = 0 
[COVERAGE] Sampled: DATA_IN=x, W_EN=x, R_EN=1
                 125[MONITOR] DATA_OUT = ec FULL = 0 EMPTY = 0 
'{'hec}
[SCOREBOARD] DATA_OUT = ec FULL = 0 EMPTY = 0 
In sb after get
**********************[PASSED]****************************
In sb before get
[SCOREBOARD] DATA_IN = b4 W_EN = 1 R_EN = 1 RST = 0 
In sb before mn2sb
                 135[DRIVER] DATA_IN = 44 W_EN = 1 R_EN = 1 RST = 0 
[COVERAGE] Sampled: DATA_IN=x, W_EN=x, R_EN=1
                 145[MONITOR] DATA_OUT = b4 FULL = 0 EMPTY = 0 
'{'hb4}
[SCOREBOARD] DATA_OUT = b4 FULL = 0 EMPTY = 0 
In sb after get
**********************[PASSED]****************************
In sb before get
[SCOREBOARD] DATA_IN = 44 W_EN = 1 R_EN = 1 RST = 0 
In sb before mn2sb
                 155[DRIVER] DATA_IN = 61 W_EN = 1 R_EN = 1 RST = 1 
[COVERAGE] Sampled: DATA_IN=x, W_EN=x, R_EN=1
                 165[MONITOR] DATA_OUT = 44 FULL = 0 EMPTY = 0 
'{'h44}
[SCOREBOARD] DATA_OUT = 44 FULL = 0 EMPTY = 0 
In sb after get
**********************[PASSED]****************************
In sb before get
[SCOREBOARD] DATA_IN = 61 W_EN = 1 R_EN = 1 RST = 1 
In sb before mn2sb
                 175[DRIVER] DATA_IN = d1 W_EN = 1 R_EN = 1 RST = 0 
[COVERAGE] Sampled: DATA_IN=x, W_EN=x, R_EN=1
                 185[MONITOR] DATA_OUT = 61 FULL = 0 EMPTY = 0 
'{'h61}
[SCOREBOARD] DATA_OUT = 61 FULL = 0 EMPTY = 0 
In sb after get
**********************[PASSED]****************************
In sb before get
[SCOREBOARD] DATA_IN = d1 W_EN = 1 R_EN = 1 RST = 0 
In sb before mn2sb
                 195[DRIVER] DATA_IN = b9 W_EN = 1 R_EN = 1 RST = 0 
[COVERAGE] Sampled: DATA_IN=x, W_EN=x, R_EN=1
                 205[MONITOR] DATA_OUT = d1 FULL = 0 EMPTY = 0 
'{'hd1}
[SCOREBOARD] DATA_OUT = d1 FULL = 0 EMPTY = 0 
In sb after get
**********************[PASSED]****************************
In sb before get
[SCOREBOARD] DATA_IN = b9 W_EN = 1 R_EN = 1 RST = 0 
In sb before mn2sb
                 215[DRIVER] DATA_IN = 78 W_EN = 1 R_EN = 1 RST = 1 
[COVERAGE] Sampled: DATA_IN=x, W_EN=x, R_EN=1
                 225[MONITOR] DATA_OUT = b9 FULL = 0 EMPTY = 0 
'{'hb9}
[SCOREBOARD] DATA_OUT = b9 FULL = 0 EMPTY = 0 
In sb after get
**********************[PASSED]****************************
In sb before get
[SCOREBOARD] DATA_IN = 78 W_EN = 1 R_EN = 1 RST = 1 
In sb before mn2sb
                 235[DRIVER] DATA_IN = e1 W_EN = 1 R_EN = 1 RST = 1 
[COVERAGE] Sampled: DATA_IN=x, W_EN=x, R_EN=1
                 245[MONITOR] DATA_OUT = 78 FULL = 0 EMPTY = 0 
'{'h78}
[SCOREBOARD] DATA_OUT = 78 FULL = 0 EMPTY = 0 
In sb after get
**********************[PASSED]****************************
In sb before get
[SCOREBOARD] DATA_IN = e1 W_EN = 1 R_EN = 1 RST = 1 
In sb before mn2sb
                 255[DRIVER] DATA_IN = 7f W_EN = 1 R_EN = 1 RST = 0 
[COVERAGE] Sampled: DATA_IN=x, W_EN=x, R_EN=1
                 265[MONITOR] DATA_OUT = e1 FULL = 0 EMPTY = 0 
'{'he1}
[SCOREBOARD] DATA_OUT = e1 FULL = 0 EMPTY = 0 
In sb after get
**********************[PASSED]****************************
In sb before get
[SCOREBOARD] DATA_IN = 7f W_EN = 1 R_EN = 1 RST = 0 
In sb before mn2sb
                 275[DRIVER] DATA_IN = ae W_EN = 1 R_EN = 1 RST = 0 
[COVERAGE] Sampled: DATA_IN=x, W_EN=x, R_EN=1
                 285[MONITOR] DATA_OUT = 7f FULL = 0 EMPTY = 0 
'{'h7f}
[SCOREBOARD] DATA_OUT = 7f FULL = 0 EMPTY = 0 
In sb after get
**********************[PASSED]****************************
In sb before get
[SCOREBOARD] DATA_IN = ae W_EN = 1 R_EN = 1 RST = 0 
In sb before mn2sb
                 295[DRIVER] DATA_IN = 72 W_EN = 1 R_EN = 1 RST = 1 
[COVERAGE] Sampled: DATA_IN=x, W_EN=x, R_EN=1
                 305[MONITOR] DATA_OUT = ae FULL = 0 EMPTY = 0 
'{'hae}
[SCOREBOARD] DATA_OUT = ae FULL = 0 EMPTY = 0 
In sb after get
**********************[PASSED]****************************
In sb before get
[SCOREBOARD] DATA_IN = 72 W_EN = 1 R_EN = 1 RST = 1 
In sb before mn2sb
                 315[DRIVER] DATA_IN = 76 W_EN = 1 R_EN = 1 RST = 1 
[COVERAGE] Sampled: DATA_IN=x, W_EN=x, R_EN=1
                 325[MONITOR] DATA_OUT = 72 FULL = 0 EMPTY = 0 
'{'h72}
[SCOREBOARD] DATA_OUT = 72 FULL = 0 EMPTY = 0 
In sb after get
**********************[PASSED]****************************
In sb before get
[SCOREBOARD] DATA_IN = 76 W_EN = 1 R_EN = 1 RST = 1 
In sb before mn2sb
                 335[DRIVER] DATA_IN = a8 W_EN = 1 R_EN = 1 RST = 1 
[COVERAGE] Sampled: DATA_IN=x, W_EN=x, R_EN=1
                 345[MONITOR] DATA_OUT = 76 FULL = 0 EMPTY = 0 
'{'h76}
[SCOREBOARD] DATA_OUT = 76 FULL = 0 EMPTY = 0 
In sb after get
**********************[PASSED]****************************
In sb before get
[SCOREBOARD] DATA_IN = a8 W_EN = 1 R_EN = 1 RST = 1 
In sb before mn2sb
                 355[DRIVER] DATA_IN = f8 W_EN = 1 R_EN = 1 RST = 0 
[COVERAGE] Sampled: DATA_IN=x, W_EN=x, R_EN=1
                 365[MONITOR] DATA_OUT = a8 FULL = 0 EMPTY = 0 
'{'ha8}
[SCOREBOARD] DATA_OUT = a8 FULL = 0 EMPTY = 0 
In sb after get
**********************[PASSED]****************************
In sb before get
[SCOREBOARD] DATA_IN = f8 W_EN = 1 R_EN = 1 RST = 0 
In sb before mn2sb
                 375[DRIVER] DATA_IN = a4 W_EN = 1 R_EN = 1 RST = 1 
[COVERAGE] Sampled: DATA_IN=x, W_EN=x, R_EN=1
                 385[MONITOR] DATA_OUT = f8 FULL = 0 EMPTY = 0 
'{'hf8}
[SCOREBOARD] DATA_OUT = f8 FULL = 0 EMPTY = 0 
In sb after get
**********************[PASSED]****************************
In sb before get
[SCOREBOARD] DATA_IN = a4 W_EN = 1 R_EN = 1 RST = 1 
In sb before mn2sb
                 395[DRIVER] DATA_IN = 70 W_EN = 1 R_EN = 1 RST = 1 
[COVERAGE] Sampled: DATA_IN=x, W_EN=x, R_EN=1
                 405[MONITOR] DATA_OUT = a4 FULL = 0 EMPTY = 0 
'{'ha4}
[SCOREBOARD] DATA_OUT = a4 FULL = 0 EMPTY = 0 
In sb after get
**********************[PASSED]****************************
In sb before get
[SCOREBOARD] DATA_IN = 70 W_EN = 1 R_EN = 1 RST = 1 
In sb before mn2sb
                 415[DRIVER] DATA_IN = 5 W_EN = 1 R_EN = 1 RST = 0 
[COVERAGE] Sampled: DATA_IN=x, W_EN=x, R_EN=1
                 425[MONITOR] DATA_OUT = 70 FULL = 0 EMPTY = 0 
'{'h70}
[SCOREBOARD] DATA_OUT = 70 FULL = 0 EMPTY = 0 
In sb after get
**********************[PASSED]****************************
In sb before get
[SCOREBOARD] DATA_IN = 5 W_EN = 1 R_EN = 1 RST = 0 
In sb before mn2sb
                 435[DRIVER] DATA_IN = b0 W_EN = 1 R_EN = 1 RST = 1 
[COVERAGE] Sampled: DATA_IN=x, W_EN=x, R_EN=1
                 445[MONITOR] DATA_OUT = 5 FULL = 0 EMPTY = 0 
'{'h5}
[SCOREBOARD] DATA_OUT = 5 FULL = 0 EMPTY = 0 
In sb after get
**********************[PASSED]****************************
In sb before get
[SCOREBOARD] DATA_IN = b0 W_EN = 1 R_EN = 1 RST = 1 
In sb before mn2sb
                 455[DRIVER] DATA_IN = 41 W_EN = 1 R_EN = 1 RST = 1 
[COVERAGE] Sampled: DATA_IN=x, W_EN=x, R_EN=1
                 465[MONITOR] DATA_OUT = b0 FULL = 0 EMPTY = 0 
'{'hb0}
[SCOREBOARD] DATA_OUT = b0 FULL = 0 EMPTY = 0 
In sb after get
**********************[PASSED]****************************
In sb before get
[SCOREBOARD] DATA_IN = 41 W_EN = 1 R_EN = 1 RST = 1 
In sb before mn2sb
                 475[DRIVER] DATA_IN = 33 W_EN = 1 R_EN = 1 RST = 1 
[COVERAGE] Sampled: DATA_IN=x, W_EN=x, R_EN=1
                 485[MONITOR] DATA_OUT = 41 FULL = 0 EMPTY = 0 
'{'h41}
[SCOREBOARD] DATA_OUT = 41 FULL = 0 EMPTY = 0 
In sb after get
**********************[PASSED]****************************
In sb before get
[SCOREBOARD] DATA_IN = 33 W_EN = 1 R_EN = 1 RST = 1 
In sb before mn2sb
                 495[DRIVER] DATA_IN = 8e W_EN = 1 R_EN = 1 RST = 0 
[COVERAGE] Sampled: DATA_IN=x, W_EN=x, R_EN=1
                 505[MONITOR] DATA_OUT = 33 FULL = 0 EMPTY = 0 
'{'h33}
[SCOREBOARD] DATA_OUT = 33 FULL = 0 EMPTY = 0 
In sb after get
**********************[PASSED]****************************
In sb before get
[SCOREBOARD] DATA_IN = 8e W_EN = 1 R_EN = 1 RST = 0 
In sb before mn2sb
                 515[DRIVER] DATA_IN = 1a W_EN = 1 R_EN = 1 RST = 1 
[COVERAGE] Sampled: DATA_IN=x, W_EN=x, R_EN=1
                 525[MONITOR] DATA_OUT = 8e FULL = 0 EMPTY = 0 
'{'h8e}
[SCOREBOARD] DATA_OUT = 8e FULL = 0 EMPTY = 0 
In sb after get
**********************[PASSED]****************************
In sb before get
[SCOREBOARD] DATA_IN = 1a W_EN = 1 R_EN = 1 RST = 1 
In sb before mn2sb
                 535[DRIVER] DATA_IN = ae W_EN = 1 R_EN = 1 RST = 0 
[COVERAGE] Sampled: DATA_IN=x, W_EN=x, R_EN=1
                 545[MONITOR] DATA_OUT = 1a FULL = 0 EMPTY = 0 
'{'h1a}
[SCOREBOARD] DATA_OUT = 1a FULL = 0 EMPTY = 0 
In sb after get
**********************[PASSED]****************************
In sb before get
[SCOREBOARD] DATA_IN = ae W_EN = 1 R_EN = 1 RST = 0 
In sb before mn2sb
                 555[DRIVER] DATA_IN = 52 W_EN = 1 R_EN = 1 RST = 1 
[COVERAGE] Sampled: DATA_IN=x, W_EN=x, R_EN=1
                 565[MONITOR] DATA_OUT = ae FULL = 0 EMPTY = 0 
'{'hae}
[SCOREBOARD] DATA_OUT = ae FULL = 0 EMPTY = 0 
In sb after get
**********************[PASSED]****************************
In sb before get
[SCOREBOARD] DATA_IN = 52 W_EN = 1 R_EN = 1 RST = 1 
In sb before mn2sb
                 575[DRIVER] DATA_IN = e4 W_EN = 1 R_EN = 1 RST = 1 
[COVERAGE] Sampled: DATA_IN=x, W_EN=x, R_EN=1
                 585[MONITOR] DATA_OUT = 52 FULL = 0 EMPTY = 0 
'{'h52}
[SCOREBOARD] DATA_OUT = 52 FULL = 0 EMPTY = 0 
In sb after get
**********************[PASSED]****************************
In sb before get
[SCOREBOARD] DATA_IN = e4 W_EN = 1 R_EN = 1 RST = 1 
In sb before mn2sb
                 595[DRIVER] DATA_IN = 77 W_EN = 1 R_EN = 1 RST = 0 
[COVERAGE] Sampled: DATA_IN=x, W_EN=x, R_EN=1
                 605[MONITOR] DATA_OUT = e4 FULL = 0 EMPTY = 0 
'{'he4}
[SCOREBOARD] DATA_OUT = e4 FULL = 0 EMPTY = 0 
In sb after get
**********************[PASSED]****************************
In sb before get
[SCOREBOARD] DATA_IN = 77 W_EN = 1 R_EN = 1 RST = 0 
In sb before mn2sb
                 615[DRIVER] DATA_IN = 35 W_EN = 1 R_EN = 1 RST = 0 
[COVERAGE] Sampled: DATA_IN=x, W_EN=x, R_EN=1
                 625[MONITOR] DATA_OUT = 77 FULL = 0 EMPTY = 0 
'{'h77}
[SCOREBOARD] DATA_OUT = 77 FULL = 0 EMPTY = 0 
In sb after get
**********************[PASSED]****************************
In sb before get
[SCOREBOARD] DATA_IN = 35 W_EN = 1 R_EN = 1 RST = 0 
In sb before mn2sb
                 635[DRIVER] DATA_IN = 43 W_EN = 1 R_EN = 1 RST = 0 
[COVERAGE] Sampled: DATA_IN=x, W_EN=x, R_EN=1
                 645[MONITOR] DATA_OUT = 35 FULL = 0 EMPTY = 0 
'{'h35}
[SCOREBOARD] DATA_OUT = 35 FULL = 0 EMPTY = 0 
In sb after get
**********************[PASSED]****************************
In sb before get
[SCOREBOARD] DATA_IN = 43 W_EN = 1 R_EN = 1 RST = 0 
In sb before mn2sb
                 655[DRIVER] DATA_IN = 81 W_EN = 1 R_EN = 1 RST = 1 
[COVERAGE] Sampled: DATA_IN=x, W_EN=x, R_EN=1
                 665[MONITOR] DATA_OUT = 43 FULL = 0 EMPTY = 0 
'{'h43}
[SCOREBOARD] DATA_OUT = 43 FULL = 0 EMPTY = 0 
In sb after get
**********************[PASSED]****************************
In sb before get
[SCOREBOARD] DATA_IN = 81 W_EN = 1 R_EN = 1 RST = 1 
In sb before mn2sb
                 675[DRIVER] DATA_IN = 76 W_EN = 1 R_EN = 1 RST = 0 
[COVERAGE] Sampled: DATA_IN=x, W_EN=x, R_EN=1
                 685[MONITOR] DATA_OUT = 81 FULL = 0 EMPTY = 0 
'{'h81}
[SCOREBOARD] DATA_OUT = 81 FULL = 0 EMPTY = 0 
In sb after get
**********************[PASSED]****************************
In sb before get
[SCOREBOARD] DATA_IN = 76 W_EN = 1 R_EN = 1 RST = 0 
In sb before mn2sb
                 695[DRIVER] DATA_IN = 43 W_EN = 1 R_EN = 1 RST = 0 
[COVERAGE] Sampled: DATA_IN=x, W_EN=x, R_EN=1
                 705[MONITOR] DATA_OUT = 76 FULL = 0 EMPTY = 0 
'{'h76}
[SCOREBOARD] DATA_OUT = 76 FULL = 0 EMPTY = 0 
In sb after get
**********************[PASSED]****************************
In sb before get
[SCOREBOARD] DATA_IN = 43 W_EN = 1 R_EN = 1 RST = 0 
In sb before mn2sb
                 715[DRIVER] DATA_IN = c1 W_EN = 1 R_EN = 1 RST = 1 
[COVERAGE] Sampled: DATA_IN=x, W_EN=x, R_EN=1
                 725[MONITOR] DATA_OUT = 43 FULL = 0 EMPTY = 0 
'{'h43}
[SCOREBOARD] DATA_OUT = 43 FULL = 0 EMPTY = 0 
In sb after get
**********************[PASSED]****************************
In sb before get
[SCOREBOARD] DATA_IN = c1 W_EN = 1 R_EN = 1 RST = 1 
In sb before mn2sb
                 735[DRIVER] DATA_IN = a3 W_EN = 1 R_EN = 1 RST = 1 
[COVERAGE] Sampled: DATA_IN=x, W_EN=x, R_EN=1
                 745[MONITOR] DATA_OUT = c1 FULL = 0 EMPTY = 0 
'{'hc1}
[SCOREBOARD] DATA_OUT = c1 FULL = 0 EMPTY = 0 
In sb after get
**********************[PASSED]****************************
In sb before get
[SCOREBOARD] DATA_IN = a3 W_EN = 1 R_EN = 1 RST = 1 
In sb before mn2sb
                 755[DRIVER] DATA_IN = cd W_EN = 1 R_EN = 1 RST = 0 
[COVERAGE] Sampled: DATA_IN=x, W_EN=x, R_EN=1
                 765[MONITOR] DATA_OUT = a3 FULL = 0 EMPTY = 0 
'{'ha3}
[SCOREBOARD] DATA_OUT = a3 FULL = 0 EMPTY = 0 
In sb after get
**********************[PASSED]****************************
In sb before get
[SCOREBOARD] DATA_IN = cd W_EN = 1 R_EN = 1 RST = 0 
In sb before mn2sb
                 775[DRIVER] DATA_IN = e3 W_EN = 1 R_EN = 1 RST = 0 
[COVERAGE] Sampled: DATA_IN=x, W_EN=x, R_EN=1
                 785[MONITOR] DATA_OUT = cd FULL = 0 EMPTY = 0 
'{'hcd}
[SCOREBOARD] DATA_OUT = cd FULL = 0 EMPTY = 0 
In sb after get
**********************[PASSED]****************************
In sb before get
[SCOREBOARD] DATA_IN = e3 W_EN = 1 R_EN = 1 RST = 0 
In sb before mn2sb
                 795[DRIVER] DATA_IN = 4b W_EN = 1 R_EN = 1 RST = 1 
[COVERAGE] Sampled: DATA_IN=x, W_EN=x, R_EN=1
                 805[MONITOR] DATA_OUT = e3 FULL = 0 EMPTY = 0 
'{'he3}
[SCOREBOARD] DATA_OUT = e3 FULL = 0 EMPTY = 0 
In sb after get
**********************[PASSED]****************************
In sb before get
[SCOREBOARD] DATA_IN = 4b W_EN = 1 R_EN = 1 RST = 1 
In sb before mn2sb
                 815[DRIVER] DATA_IN = 64 W_EN = 1 R_EN = 1 RST = 1 
[COVERAGE] Sampled: DATA_IN=x, W_EN=x, R_EN=1
                 825[MONITOR] DATA_OUT = 4b FULL = 0 EMPTY = 0 
'{'h4b}
[SCOREBOARD] DATA_OUT = 4b FULL = 0 EMPTY = 0 
In sb after get
**********************[PASSED]****************************
In sb before get
[SCOREBOARD] DATA_IN = 64 W_EN = 1 R_EN = 1 RST = 1 
In sb before mn2sb
                 835[DRIVER] DATA_IN = 4b W_EN = 1 R_EN = 1 RST = 1 
[COVERAGE] Sampled: DATA_IN=x, W_EN=x, R_EN=1
                 845[MONITOR] DATA_OUT = 64 FULL = 0 EMPTY = 0 
'{'h64}
[SCOREBOARD] DATA_OUT = 64 FULL = 0 EMPTY = 0 
In sb after get
**********************[PASSED]****************************
In sb before get
[SCOREBOARD] DATA_IN = 4b W_EN = 1 R_EN = 1 RST = 1 
In sb before mn2sb
                 855[DRIVER] DATA_IN = 2d W_EN = 1 R_EN = 1 RST = 0 
[COVERAGE] Sampled: DATA_IN=x, W_EN=x, R_EN=1
                 865[MONITOR] DATA_OUT = 4b FULL = 0 EMPTY = 0 
'{'h4b}
[SCOREBOARD] DATA_OUT = 4b FULL = 0 EMPTY = 0 
In sb after get
**********************[PASSED]****************************
In sb before get
[SCOREBOARD] DATA_IN = 2d W_EN = 1 R_EN = 1 RST = 0 
In sb before mn2sb
                 875[DRIVER] DATA_IN = 40 W_EN = 1 R_EN = 1 RST = 0 
[COVERAGE] Sampled: DATA_IN=x, W_EN=x, R_EN=1
                 885[MONITOR] DATA_OUT = 2d FULL = 0 EMPTY = 0 
'{'h2d}
[SCOREBOARD] DATA_OUT = 2d FULL = 0 EMPTY = 0 
In sb after get
**********************[PASSED]****************************
In sb before get
[SCOREBOARD] DATA_IN = 40 W_EN = 1 R_EN = 1 RST = 0 
In sb before mn2sb
                 895[DRIVER] DATA_IN = be W_EN = 1 R_EN = 1 RST = 0 
[COVERAGE] Sampled: DATA_IN=x, W_EN=x, R_EN=1
                 905[MONITOR] DATA_OUT = 40 FULL = 0 EMPTY = 0 
'{'h40}
[SCOREBOARD] DATA_OUT = 40 FULL = 0 EMPTY = 0 
In sb after get
**********************[PASSED]****************************
In sb before get
[SCOREBOARD] DATA_IN = be W_EN = 1 R_EN = 1 RST = 0 
In sb before mn2sb
                 915[DRIVER] DATA_IN = 9a W_EN = 1 R_EN = 1 RST = 0 
[COVERAGE] Sampled: DATA_IN=x, W_EN=x, R_EN=1
                 925[MONITOR] DATA_OUT = be FULL = 0 EMPTY = 0 
'{'hbe}
[SCOREBOARD] DATA_OUT = be FULL = 0 EMPTY = 0 
In sb after get
**********************[PASSED]****************************
In sb before get
[SCOREBOARD] DATA_IN = 9a W_EN = 1 R_EN = 1 RST = 0 
In sb before mn2sb
                 935[DRIVER] DATA_IN = f9 W_EN = 1 R_EN = 1 RST = 1 
[COVERAGE] Sampled: DATA_IN=x, W_EN=x, R_EN=1
                 945[MONITOR] DATA_OUT = 9a FULL = 0 EMPTY = 0 
'{'h9a}
[SCOREBOARD] DATA_OUT = 9a FULL = 0 EMPTY = 0 
In sb after get
**********************[PASSED]****************************
In sb before get
[SCOREBOARD] DATA_IN = f9 W_EN = 1 R_EN = 1 RST = 1 
In sb before mn2sb
                 955[DRIVER] DATA_IN = 3b W_EN = 1 R_EN = 1 RST = 0 
[COVERAGE] Sampled: DATA_IN=x, W_EN=x, R_EN=1
                 965[MONITOR] DATA_OUT = f9 FULL = 0 EMPTY = 0 
'{'hf9}
[SCOREBOARD] DATA_OUT = f9 FULL = 0 EMPTY = 0 
In sb after get
**********************[PASSED]****************************
In sb before get
[SCOREBOARD] DATA_IN = 3b W_EN = 1 R_EN = 1 RST = 0 
In sb before mn2sb
                 975[DRIVER] DATA_IN = 7c W_EN = 1 R_EN = 1 RST = 1 
[COVERAGE] Sampled: DATA_IN=x, W_EN=x, R_EN=1
                 985[MONITOR] DATA_OUT = 3b FULL = 0 EMPTY = 0 
'{'h3b}
[SCOREBOARD] DATA_OUT = 3b FULL = 0 EMPTY = 0 
In sb after get
**********************[PASSED]****************************
In sb before get
[SCOREBOARD] DATA_IN = 7c W_EN = 1 R_EN = 1 RST = 1 
In sb before mn2sb
                 995[DRIVER] DATA_IN = 38 W_EN = 1 R_EN = 1 RST = 1 
[COVERAGE] Sampled: DATA_IN=x, W_EN=x, R_EN=1
                1005[MONITOR] DATA_OUT = 7c FULL = 0 EMPTY = 0 
'{'h7c}
[SCOREBOARD] DATA_OUT = 7c FULL = 0 EMPTY = 0 
In sb after get
**********************[PASSED]****************************
In sb before get
[SCOREBOARD] DATA_IN = 38 W_EN = 1 R_EN = 1 RST = 1 
In sb before mn2sb
                1015[DRIVER] DATA_IN = e5 W_EN = 1 R_EN = 1 RST = 1 
[COVERAGE] Sampled: DATA_IN=x, W_EN=x, R_EN=1
                1025[MONITOR] DATA_OUT = 38 FULL = 0 EMPTY = 0 
'{'h38}
[SCOREBOARD] DATA_OUT = 38 FULL = 0 EMPTY = 0 
In sb after get
**********************[PASSED]****************************
In sb before get
[SCOREBOARD] DATA_IN = e5 W_EN = 1 R_EN = 1 RST = 1 
In sb before mn2sb
                1035[DRIVER] DATA_IN = b4 W_EN = 1 R_EN = 1 RST = 0 
[COVERAGE] Sampled: DATA_IN=x, W_EN=x, R_EN=1
                1045[MONITOR] DATA_OUT = e5 FULL = 0 EMPTY = 0 
'{'he5}
[SCOREBOARD] DATA_OUT = e5 FULL = 0 EMPTY = 0 
In sb after get
**********************[PASSED]****************************
In sb before get
[SCOREBOARD] DATA_IN = b4 W_EN = 1 R_EN = 1 RST = 0 
In sb before mn2sb
                1055[DRIVER] DATA_IN = 1a W_EN = 1 R_EN = 1 RST = 0 
[COVERAGE] Sampled: DATA_IN=x, W_EN=x, R_EN=1
                1065[MONITOR] DATA_OUT = b4 FULL = 0 EMPTY = 0 
'{'hb4}
[SCOREBOARD] DATA_OUT = b4 FULL = 0 EMPTY = 0 
In sb after get
**********************[PASSED]****************************
In sb before get
[SCOREBOARD] DATA_IN = 1a W_EN = 1 R_EN = 1 RST = 0 
In sb before mn2sb
                1075[DRIVER] DATA_IN = b W_EN = 1 R_EN = 1 RST = 0 
[COVERAGE] Sampled: DATA_IN=x, W_EN=x, R_EN=1
                1085[MONITOR] DATA_OUT = 1a FULL = 0 EMPTY = 0 
'{'h1a}
[SCOREBOARD] DATA_OUT = 1a FULL = 0 EMPTY = 0 
In sb after get
**********************[PASSED]****************************
In sb before get
[SCOREBOARD] DATA_IN = b W_EN = 1 R_EN = 1 RST = 0 
In sb before mn2sb
                1095[DRIVER] DATA_IN = cc W_EN = 1 R_EN = 1 RST = 1 
[COVERAGE] Sampled: DATA_IN=x, W_EN=x, R_EN=1
                1105[MONITOR] DATA_OUT = b FULL = 0 EMPTY = 0 
'{'hb}
[SCOREBOARD] DATA_OUT = b FULL = 0 EMPTY = 0 
In sb after get
**********************[PASSED]****************************
In sb before get
[SCOREBOARD] DATA_IN = cc W_EN = 1 R_EN = 1 RST = 1 
In sb before mn2sb
                1115[DRIVER] DATA_IN = d0 W_EN = 1 R_EN = 1 RST = 1 
[COVERAGE] Sampled: DATA_IN=x, W_EN=x, R_EN=1
                1125[MONITOR] DATA_OUT = cc FULL = 0 EMPTY = 0 
'{'hcc}
[SCOREBOARD] DATA_OUT = cc FULL = 0 EMPTY = 0 
In sb after get
**********************[PASSED]****************************
In sb before get
[SCOREBOARD] DATA_IN = d0 W_EN = 1 R_EN = 1 RST = 1 
In sb before mn2sb
                1135[DRIVER] DATA_IN = 56 W_EN = 1 R_EN = 1 RST = 1 
[COVERAGE] Sampled: DATA_IN=x, W_EN=x, R_EN=1
                1145[MONITOR] DATA_OUT = d0 FULL = 0 EMPTY = 0 
'{'hd0}
[SCOREBOARD] DATA_OUT = d0 FULL = 0 EMPTY = 0 
In sb after get
**********************[PASSED]****************************
In sb before get
[SCOREBOARD] DATA_IN = 56 W_EN = 1 R_EN = 1 RST = 1 
In sb before mn2sb
                1155[DRIVER] DATA_IN = 7e W_EN = 1 R_EN = 1 RST = 1 
[COVERAGE] Sampled: DATA_IN=x, W_EN=x, R_EN=1
                1165[MONITOR] DATA_OUT = 56 FULL = 0 EMPTY = 0 
'{'h56}
[SCOREBOARD] DATA_OUT = 56 FULL = 0 EMPTY = 0 
In sb after get
**********************[PASSED]****************************
In sb before get
[SCOREBOARD] DATA_IN = 7e W_EN = 1 R_EN = 1 RST = 1 
In sb before mn2sb
                1175[DRIVER] DATA_IN = bc W_EN = 1 R_EN = 1 RST = 0 
[COVERAGE] Sampled: DATA_IN=x, W_EN=x, R_EN=1
                1185[MONITOR] DATA_OUT = 7e FULL = 0 EMPTY = 0 
'{'h7e}
[SCOREBOARD] DATA_OUT = 7e FULL = 0 EMPTY = 0 
In sb after get
**********************[PASSED]****************************
In sb before get
[SCOREBOARD] DATA_IN = bc W_EN = 1 R_EN = 1 RST = 0 
In sb before mn2sb
                1195[DRIVER] DATA_IN = e1 W_EN = 1 R_EN = 1 RST = 1 
[COVERAGE] Sampled: DATA_IN=x, W_EN=x, R_EN=1
                1205[MONITOR] DATA_OUT = bc FULL = 0 EMPTY = 0 
'{'hbc}
[SCOREBOARD] DATA_OUT = bc FULL = 0 EMPTY = 0 
In sb after get
**********************[PASSED]****************************
In sb before get
[SCOREBOARD] DATA_IN = e1 W_EN = 1 R_EN = 1 RST = 1 
In sb before mn2sb
                1215[DRIVER] DATA_IN = 4c W_EN = 1 R_EN = 1 RST = 0 
[COVERAGE] Sampled: DATA_IN=x, W_EN=x, R_EN=1
                1225[MONITOR] DATA_OUT = e1 FULL = 0 EMPTY = 0 
'{'he1}
[SCOREBOARD] DATA_OUT = e1 FULL = 0 EMPTY = 0 
In sb after get
**********************[PASSED]****************************
In sb before get
[SCOREBOARD] DATA_IN = 4c W_EN = 1 R_EN = 1 RST = 0 
In sb before mn2sb
                1235[DRIVER] DATA_IN = 90 W_EN = 1 R_EN = 1 RST = 0 
[COVERAGE] Sampled: DATA_IN=x, W_EN=x, R_EN=1
                1245[MONITOR] DATA_OUT = 4c FULL = 0 EMPTY = 0 
'{'h4c}
[SCOREBOARD] DATA_OUT = 4c FULL = 0 EMPTY = 0 
In sb after get
**********************[PASSED]****************************
In sb before get
[SCOREBOARD] DATA_IN = 90 W_EN = 1 R_EN = 1 RST = 0 
In sb before mn2sb
                1255[DRIVER] DATA_IN = f0 W_EN = 1 R_EN = 1 RST = 1 
[COVERAGE] Sampled: DATA_IN=x, W_EN=x, R_EN=1
                1265[MONITOR] DATA_OUT = 90 FULL = 0 EMPTY = 0 
'{'h90}
[SCOREBOARD] DATA_OUT = 90 FULL = 0 EMPTY = 0 
In sb after get
**********************[PASSED]****************************
In sb before get
[SCOREBOARD] DATA_IN = f0 W_EN = 1 R_EN = 1 RST = 1 
In sb before mn2sb
                1275[DRIVER] DATA_IN = d1 W_EN = 1 R_EN = 1 RST = 1 
[COVERAGE] Sampled: DATA_IN=x, W_EN=x, R_EN=1
                1285[MONITOR] DATA_OUT = f0 FULL = 0 EMPTY = 0 
'{'hf0}
[SCOREBOARD] DATA_OUT = f0 FULL = 0 EMPTY = 0 
In sb after get
**********************[PASSED]****************************
In sb before get
[SCOREBOARD] DATA_IN = d1 W_EN = 1 R_EN = 1 RST = 1 
In sb before mn2sb
                1295[DRIVER] DATA_IN = f1 W_EN = 1 R_EN = 1 RST = 1 
[COVERAGE] Sampled: DATA_IN=x, W_EN=x, R_EN=1
                1305[MONITOR] DATA_OUT = d1 FULL = 0 EMPTY = 0 
'{'hd1}
[SCOREBOARD] DATA_OUT = d1 FULL = 0 EMPTY = 0 
In sb after get
**********************[PASSED]****************************
In sb before get
[SCOREBOARD] DATA_IN = f1 W_EN = 1 R_EN = 1 RST = 1 
In sb before mn2sb
                1315[DRIVER] DATA_IN = e7 W_EN = 1 R_EN = 1 RST = 1 
[COVERAGE] Sampled: DATA_IN=x, W_EN=x, R_EN=1
                1325[MONITOR] DATA_OUT = f1 FULL = 0 EMPTY = 0 
'{'hf1}
[SCOREBOARD] DATA_OUT = f1 FULL = 0 EMPTY = 0 
In sb after get
**********************[PASSED]****************************
In sb before get
[SCOREBOARD] DATA_IN = e7 W_EN = 1 R_EN = 1 RST = 1 
In sb before mn2sb
                1335[DRIVER] DATA_IN = e0 W_EN = 1 R_EN = 1 RST = 1 
[COVERAGE] Sampled: DATA_IN=x, W_EN=x, R_EN=1
                1345[MONITOR] DATA_OUT = e7 FULL = 0 EMPTY = 0 
'{'he7}
[SCOREBOARD] DATA_OUT = e7 FULL = 0 EMPTY = 0 
In sb after get
**********************[PASSED]****************************
In sb before get
[SCOREBOARD] DATA_IN = e0 W_EN = 1 R_EN = 1 RST = 1 
In sb before mn2sb
                1355[DRIVER] DATA_IN = dc W_EN = 1 R_EN = 1 RST = 0 
[COVERAGE] Sampled: DATA_IN=x, W_EN=x, R_EN=1
                1365[MONITOR] DATA_OUT = e0 FULL = 0 EMPTY = 0 
'{'he0}
[SCOREBOARD] DATA_OUT = e0 FULL = 0 EMPTY = 0 
In sb after get
**********************[PASSED]****************************
In sb before get
[SCOREBOARD] DATA_IN = dc W_EN = 1 R_EN = 1 RST = 0 
In sb before mn2sb
                1375[DRIVER] DATA_IN = 98 W_EN = 1 R_EN = 1 RST = 0 
[COVERAGE] Sampled: DATA_IN=x, W_EN=x, R_EN=1
                1385[MONITOR] DATA_OUT = dc FULL = 0 EMPTY = 0 
'{'hdc}
[SCOREBOARD] DATA_OUT = dc FULL = 0 EMPTY = 0 
In sb after get
**********************[PASSED]****************************
In sb before get
[SCOREBOARD] DATA_IN = 98 W_EN = 1 R_EN = 1 RST = 0 
In sb before mn2sb
                1395[DRIVER] DATA_IN = 98 W_EN = 1 R_EN = 1 RST = 1 
[COVERAGE] Sampled: DATA_IN=x, W_EN=x, R_EN=1
                1405[MONITOR] DATA_OUT = 98 FULL = 0 EMPTY = 0 
'{'h98}
[SCOREBOARD] DATA_OUT = 98 FULL = 0 EMPTY = 0 
In sb after get
**********************[PASSED]****************************
In sb before get
[SCOREBOARD] DATA_IN = 98 W_EN = 1 R_EN = 1 RST = 1 
In sb before mn2sb
                1415[DRIVER] DATA_IN = f4 W_EN = 1 R_EN = 1 RST = 0 
[COVERAGE] Sampled: DATA_IN=x, W_EN=x, R_EN=1
                1425[MONITOR] DATA_OUT = 98 FULL = 0 EMPTY = 0 
'{'h98}
[SCOREBOARD] DATA_OUT = 98 FULL = 0 EMPTY = 0 
In sb after get
**********************[PASSED]****************************
In sb before get
[SCOREBOARD] DATA_IN = f4 W_EN = 1 R_EN = 1 RST = 0 
In sb before mn2sb
                1435[DRIVER] DATA_IN = fd W_EN = 1 R_EN = 1 RST = 0 
[COVERAGE] Sampled: DATA_IN=x, W_EN=x, R_EN=1
                1445[MONITOR] DATA_OUT = f4 FULL = 0 EMPTY = 0 
'{'hf4}
[SCOREBOARD] DATA_OUT = f4 FULL = 0 EMPTY = 0 
In sb after get
**********************[PASSED]****************************
In sb before get
[SCOREBOARD] DATA_IN = fd W_EN = 1 R_EN = 1 RST = 0 
In sb before mn2sb
                1455[DRIVER] DATA_IN = 79 W_EN = 1 R_EN = 1 RST = 1 
[COVERAGE] Sampled: DATA_IN=x, W_EN=x, R_EN=1
                1465[MONITOR] DATA_OUT = fd FULL = 0 EMPTY = 0 
'{'hfd}
[SCOREBOARD] DATA_OUT = fd FULL = 0 EMPTY = 0 
In sb after get
**********************[PASSED]****************************
In sb before get
[SCOREBOARD] DATA_IN = 79 W_EN = 1 R_EN = 1 RST = 1 
In sb before mn2sb
                1475[DRIVER] DATA_IN = d2 W_EN = 1 R_EN = 1 RST = 0 
[COVERAGE] Sampled: DATA_IN=x, W_EN=x, R_EN=1
                1485[MONITOR] DATA_OUT = 79 FULL = 0 EMPTY = 0 
'{'h79}
[SCOREBOARD] DATA_OUT = 79 FULL = 0 EMPTY = 0 
In sb after get
**********************[PASSED]****************************
In sb before get
[SCOREBOARD] DATA_IN = d2 W_EN = 1 R_EN = 1 RST = 0 
In sb before mn2sb
                1495[DRIVER] DATA_IN = f9 W_EN = 1 R_EN = 1 RST = 0 
[COVERAGE] Sampled: DATA_IN=x, W_EN=x, R_EN=1
                1505[MONITOR] DATA_OUT = d2 FULL = 0 EMPTY = 0 
'{'hd2}
[SCOREBOARD] DATA_OUT = d2 FULL = 0 EMPTY = 0 
In sb after get
**********************[PASSED]****************************
In sb before get
[SCOREBOARD] DATA_IN = f9 W_EN = 1 R_EN = 1 RST = 0 
In sb before mn2sb
                1515[DRIVER] DATA_IN = a7 W_EN = 1 R_EN = 1 RST = 0 
[COVERAGE] Sampled: DATA_IN=x, W_EN=x, R_EN=1
                1525[MONITOR] DATA_OUT = f9 FULL = 0 EMPTY = 0 
'{'hf9}
[SCOREBOARD] DATA_OUT = f9 FULL = 0 EMPTY = 0 
In sb after get
**********************[PASSED]****************************
In sb before get
[SCOREBOARD] DATA_IN = a7 W_EN = 1 R_EN = 1 RST = 0 
In sb before mn2sb
                1535[DRIVER] DATA_IN = e6 W_EN = 1 R_EN = 1 RST = 1 
[COVERAGE] Sampled: DATA_IN=x, W_EN=x, R_EN=1
                1545[MONITOR] DATA_OUT = a7 FULL = 0 EMPTY = 0 
'{'ha7}
[SCOREBOARD] DATA_OUT = a7 FULL = 0 EMPTY = 0 
In sb after get
**********************[PASSED]****************************
In sb before get
[SCOREBOARD] DATA_IN = e6 W_EN = 1 R_EN = 1 RST = 1 
In sb before mn2sb
                1555[DRIVER] DATA_IN = 56 W_EN = 1 R_EN = 1 RST = 1 
[COVERAGE] Sampled: DATA_IN=x, W_EN=x, R_EN=1
                1565[MONITOR] DATA_OUT = e6 FULL = 0 EMPTY = 0 
'{'he6}
[SCOREBOARD] DATA_OUT = e6 FULL = 0 EMPTY = 0 
In sb after get
**********************[PASSED]****************************
In sb before get
[SCOREBOARD] DATA_IN = 56 W_EN = 1 R_EN = 1 RST = 1 
In sb before mn2sb
                1575[DRIVER] DATA_IN = 53 W_EN = 1 R_EN = 1 RST = 1 
[COVERAGE] Sampled: DATA_IN=x, W_EN=x, R_EN=1
                1585[MONITOR] DATA_OUT = 56 FULL = 0 EMPTY = 0 
'{'h56}
[SCOREBOARD] DATA_OUT = 56 FULL = 0 EMPTY = 0 
In sb after get
**********************[PASSED]****************************
In sb before get
[SCOREBOARD] DATA_IN = 53 W_EN = 1 R_EN = 1 RST = 1 
In sb before mn2sb
                1595[DRIVER] DATA_IN = ae W_EN = 1 R_EN = 1 RST = 1 
[COVERAGE] Sampled: DATA_IN=x, W_EN=x, R_EN=1
                1605[MONITOR] DATA_OUT = 53 FULL = 0 EMPTY = 0 
'{'h53}
[SCOREBOARD] DATA_OUT = 53 FULL = 0 EMPTY = 0 
In sb after get
**********************[PASSED]****************************
In sb before get
[SCOREBOARD] DATA_IN = ae W_EN = 1 R_EN = 1 RST = 1 
In sb before mn2sb
                1615[DRIVER] DATA_IN = bb W_EN = 1 R_EN = 1 RST = 0 
[COVERAGE] Sampled: DATA_IN=x, W_EN=x, R_EN=1
                1625[MONITOR] DATA_OUT = ae FULL = 0 EMPTY = 0 
'{'hae}
[SCOREBOARD] DATA_OUT = ae FULL = 0 EMPTY = 0 
In sb after get
**********************[PASSED]****************************
In sb before get
[SCOREBOARD] DATA_IN = bb W_EN = 1 R_EN = 1 RST = 0 
In sb before mn2sb
                1635[DRIVER] DATA_IN = 67 W_EN = 1 R_EN = 1 RST = 1 
[COVERAGE] Sampled: DATA_IN=x, W_EN=x, R_EN=1
                1645[MONITOR] DATA_OUT = bb FULL = 0 EMPTY = 0 
'{'hbb}
[SCOREBOARD] DATA_OUT = bb FULL = 0 EMPTY = 0 
In sb after get
**********************[PASSED]****************************
In sb before get
[SCOREBOARD] DATA_IN = 67 W_EN = 1 R_EN = 1 RST = 1 
In sb before mn2sb
                1655[DRIVER] DATA_IN = e5 W_EN = 1 R_EN = 1 RST = 1 
[COVERAGE] Sampled: DATA_IN=x, W_EN=x, R_EN=1
                1665[MONITOR] DATA_OUT = 67 FULL = 0 EMPTY = 0 
'{'h67}
[SCOREBOARD] DATA_OUT = 67 FULL = 0 EMPTY = 0 
In sb after get
**********************[PASSED]****************************
In sb before get
[SCOREBOARD] DATA_IN = e5 W_EN = 1 R_EN = 1 RST = 1 
In sb before mn2sb
                1675[DRIVER] DATA_IN = 75 W_EN = 1 R_EN = 1 RST = 0 
[COVERAGE] Sampled: DATA_IN=x, W_EN=x, R_EN=1
                1685[MONITOR] DATA_OUT = e5 FULL = 0 EMPTY = 0 
'{'he5}
[SCOREBOARD] DATA_OUT = e5 FULL = 0 EMPTY = 0 
In sb after get
**********************[PASSED]****************************
In sb before get
[SCOREBOARD] DATA_IN = 75 W_EN = 1 R_EN = 1 RST = 0 
In sb before mn2sb
                1695[DRIVER] DATA_IN = b9 W_EN = 1 R_EN = 1 RST = 0 
[COVERAGE] Sampled: DATA_IN=x, W_EN=x, R_EN=1
                1705[MONITOR] DATA_OUT = 75 FULL = 0 EMPTY = 0 
'{'h75}
[SCOREBOARD] DATA_OUT = 75 FULL = 0 EMPTY = 0 
In sb after get
**********************[PASSED]****************************
In sb before get
[SCOREBOARD] DATA_IN = b9 W_EN = 1 R_EN = 1 RST = 0 
In sb before mn2sb
                1715[DRIVER] DATA_IN = 22 W_EN = 1 R_EN = 1 RST = 1 
[COVERAGE] Sampled: DATA_IN=x, W_EN=x, R_EN=1
                1725[MONITOR] DATA_OUT = b9 FULL = 0 EMPTY = 0 
'{'hb9}
[SCOREBOARD] DATA_OUT = b9 FULL = 0 EMPTY = 0 
In sb after get
**********************[PASSED]****************************
In sb before get
[SCOREBOARD] DATA_IN = 22 W_EN = 1 R_EN = 1 RST = 1 
In sb before mn2sb
                1735[DRIVER] DATA_IN = cc W_EN = 1 R_EN = 1 RST = 1 
[COVERAGE] Sampled: DATA_IN=x, W_EN=x, R_EN=1
                1745[MONITOR] DATA_OUT = 22 FULL = 0 EMPTY = 0 
'{'h22}
[SCOREBOARD] DATA_OUT = 22 FULL = 0 EMPTY = 0 
In sb after get
**********************[PASSED]****************************
In sb before get
[SCOREBOARD] DATA_IN = cc W_EN = 1 R_EN = 1 RST = 1 
In sb before mn2sb
                1755[DRIVER] DATA_IN = db W_EN = 1 R_EN = 1 RST = 1 
[COVERAGE] Sampled: DATA_IN=x, W_EN=x, R_EN=1
                1765[MONITOR] DATA_OUT = cc FULL = 0 EMPTY = 0 
'{'hcc}
[SCOREBOARD] DATA_OUT = cc FULL = 0 EMPTY = 0 
In sb after get
**********************[PASSED]****************************
In sb before get
[SCOREBOARD] DATA_IN = db W_EN = 1 R_EN = 1 RST = 1 
In sb before mn2sb
                1775[DRIVER] DATA_IN = bc W_EN = 1 R_EN = 1 RST = 1 
[COVERAGE] Sampled: DATA_IN=x, W_EN=x, R_EN=1
                1785[MONITOR] DATA_OUT = db FULL = 0 EMPTY = 0 
'{'hdb}
[SCOREBOARD] DATA_OUT = db FULL = 0 EMPTY = 0 
In sb after get
**********************[PASSED]****************************
In sb before get
[SCOREBOARD] DATA_IN = bc W_EN = 1 R_EN = 1 RST = 1 
In sb before mn2sb
                1795[DRIVER] DATA_IN = 6b W_EN = 1 R_EN = 1 RST = 1 
[COVERAGE] Sampled: DATA_IN=x, W_EN=x, R_EN=1
                1805[MONITOR] DATA_OUT = bc FULL = 0 EMPTY = 0 
'{'hbc}
[SCOREBOARD] DATA_OUT = bc FULL = 0 EMPTY = 0 
In sb after get
**********************[PASSED]****************************
In sb before get
[SCOREBOARD] DATA_IN = 6b W_EN = 1 R_EN = 1 RST = 1 
In sb before mn2sb
                1815[DRIVER] DATA_IN = 5 W_EN = 1 R_EN = 1 RST = 1 
[COVERAGE] Sampled: DATA_IN=x, W_EN=x, R_EN=1
                1825[MONITOR] DATA_OUT = 6b FULL = 0 EMPTY = 0 
'{'h6b}
[SCOREBOARD] DATA_OUT = 6b FULL = 0 EMPTY = 0 
In sb after get
**********************[PASSED]****************************
In sb before get
[SCOREBOARD] DATA_IN = 5 W_EN = 1 R_EN = 1 RST = 1 
In sb before mn2sb
                1835[DRIVER] DATA_IN = 7b W_EN = 1 R_EN = 1 RST = 0 
[COVERAGE] Sampled: DATA_IN=x, W_EN=x, R_EN=1
                1845[MONITOR] DATA_OUT = 5 FULL = 0 EMPTY = 0 
'{'h5}
[SCOREBOARD] DATA_OUT = 5 FULL = 0 EMPTY = 0 
In sb after get
**********************[PASSED]****************************
In sb before get
[SCOREBOARD] DATA_IN = 7b W_EN = 1 R_EN = 1 RST = 0 
In sb before mn2sb
                1855[DRIVER] DATA_IN = 69 W_EN = 1 R_EN = 1 RST = 1 
[COVERAGE] Sampled: DATA_IN=x, W_EN=x, R_EN=1
                1865[MONITOR] DATA_OUT = 7b FULL = 0 EMPTY = 0 
'{'h7b}
[SCOREBOARD] DATA_OUT = 7b FULL = 0 EMPTY = 0 
In sb after get
**********************[PASSED]****************************
In sb before get
[SCOREBOARD] DATA_IN = 69 W_EN = 1 R_EN = 1 RST = 1 
In sb before mn2sb
                1875[DRIVER] DATA_IN = 16 W_EN = 1 R_EN = 1 RST = 1 
[COVERAGE] Sampled: DATA_IN=x, W_EN=x, R_EN=1
                1885[MONITOR] DATA_OUT = 69 FULL = 0 EMPTY = 0 
'{'h69}
[SCOREBOARD] DATA_OUT = 69 FULL = 0 EMPTY = 0 
In sb after get
**********************[PASSED]****************************
In sb before get
[SCOREBOARD] DATA_IN = 16 W_EN = 1 R_EN = 1 RST = 1 
In sb before mn2sb
                1895[DRIVER] DATA_IN = f9 W_EN = 1 R_EN = 1 RST = 1 
[COVERAGE] Sampled: DATA_IN=x, W_EN=x, R_EN=1
                1905[MONITOR] DATA_OUT = 16 FULL = 0 EMPTY = 0 
'{'h16}
[SCOREBOARD] DATA_OUT = 16 FULL = 0 EMPTY = 0 
In sb after get
**********************[PASSED]****************************
In sb before get
[SCOREBOARD] DATA_IN = f9 W_EN = 1 R_EN = 1 RST = 1 
In sb before mn2sb
                1915[DRIVER] DATA_IN = 81 W_EN = 1 R_EN = 1 RST = 0 
[COVERAGE] Sampled: DATA_IN=x, W_EN=x, R_EN=1
                1925[MONITOR] DATA_OUT = f9 FULL = 0 EMPTY = 0 
'{'hf9}
[SCOREBOARD] DATA_OUT = f9 FULL = 0 EMPTY = 0 
In sb after get
**********************[PASSED]****************************
In sb before get
[SCOREBOARD] DATA_IN = 81 W_EN = 1 R_EN = 1 RST = 0 
In sb before mn2sb
                1935[DRIVER] DATA_IN = d6 W_EN = 1 R_EN = 1 RST = 1 
[COVERAGE] Sampled: DATA_IN=x, W_EN=x, R_EN=1
                1945[MONITOR] DATA_OUT = 81 FULL = 0 EMPTY = 0 
'{'h81}
[SCOREBOARD] DATA_OUT = 81 FULL = 0 EMPTY = 0 
In sb after get
**********************[PASSED]****************************
In sb before get
[SCOREBOARD] DATA_IN = d6 W_EN = 1 R_EN = 1 RST = 1 
In sb before mn2sb
                1955[DRIVER] DATA_IN = f4 W_EN = 1 R_EN = 1 RST = 1 
[COVERAGE] Sampled: DATA_IN=x, W_EN=x, R_EN=1
                1965[MONITOR] DATA_OUT = d6 FULL = 0 EMPTY = 0 
'{'hd6}
[SCOREBOARD] DATA_OUT = d6 FULL = 0 EMPTY = 0 
In sb after get
**********************[PASSED]****************************
In sb before get
[SCOREBOARD] DATA_IN = f4 W_EN = 1 R_EN = 1 RST = 1 
In sb before mn2sb
                1975[DRIVER] DATA_IN = aa W_EN = 1 R_EN = 1 RST = 1 
[COVERAGE] Sampled: DATA_IN=x, W_EN=x, R_EN=1
                1985[MONITOR] DATA_OUT = f4 FULL = 0 EMPTY = 0 
'{'hf4}
[SCOREBOARD] DATA_OUT = f4 FULL = 0 EMPTY = 0 
In sb after get
**********************[PASSED]****************************
In sb before get
[SCOREBOARD] DATA_IN = aa W_EN = 1 R_EN = 1 RST = 1 
In sb before mn2sb
                1995[DRIVER] DATA_IN = 24 W_EN = 1 R_EN = 1 RST = 0 
[COVERAGE] Sampled: DATA_IN=x, W_EN=x, R_EN=1
                2005[MONITOR] DATA_OUT = aa FULL = 0 EMPTY = 0 
'{'haa}
[SCOREBOARD] DATA_OUT = aa FULL = 0 EMPTY = 0 
In sb after get
**********************[PASSED]****************************
In sb before get
[SCOREBOARD] DATA_IN = 24 W_EN = 1 R_EN = 1 RST = 0 
In sb before mn2sb
[COVERAGE] Sampled: DATA_IN=x, W_EN=x, R_EN=1
                2025[MONITOR] DATA_OUT = 24 FULL = 0 EMPTY = 0 
'{'h24}
[SCOREBOARD] DATA_OUT = 24 FULL = 0 EMPTY = 0 
In sb after get
**********************[PASSED]****************************
PASS COUNT=100
FAIL COUNT=0
[ENV] Generating final reports...

================= SCOREBOARD REPORT =================
PASS COUNT=100
FAIL COUNT=0
Pass Percentage   : 100.00%
******************[COVERAGE] Functional Coverage Report: xmsim: *N,COVNSM: (File: ./fifo_functional_cov.sv, Line: 28):(Time: 2225 NS + 0) Sampling of covergroup type "fifo_functional_cov::fifo_cov" (./fifo_functional_cov.sv:5), referred in the statement is not enabled. As a result, coverage methods get_coverage(), get_inst_coverage(), get_hitcount(), and get_inst_hitcount() will return 0 coverage.
0.00%******************
Simulation complete via $finish(1) at time 3225 NS + 0
./testbench.sv:33     $finish;
xcelium> exit
TOOL:	xrun(64)	20.09-s001: Exiting on Nov 17, 2025 at 10:59:42 IST  (total: 00:00:01)
